# JRE version: Java(TM) SE Runtime Environment (8.0_172-b11) (build 1.8.0_172-b11)
# Java VM: Java HotSpot(TM) 64-Bit Server VM (25.172-b11 mixed mode linux-amd64 compressed oops)
Heap:
 PSYoungGen      total 2685952K, used 0K [0x0000000715580000, 0x00000007bf380000, 0x00000007c0000000)
  eden space 2588672K, 0% used [0x0000000715580000,0x0000000715580000,0x00000007b3580000)
  from space 97280K, 0% used [0x00000007b9480000,0x00000007b9480000,0x00000007bf380000)
  to   space 97280K, 0% used [0x00000007b3580000,0x00000007b3580000,0x00000007b9480000)
 ParOldGen       total 628224K, used 600903K [0x00000005c0000000, 0x00000005e6580000, 0x0000000715580000)
  object space 628224K, 95% used [0x00000005c0000000,0x00000005e4ad1f88,0x00000005e6580000)
 Metaspace       used 4076K, capacity 4774K, committed 4864K, reserved 1056768K
  class space    used 432K, capacity 465K, committed 512K, reserved 1048576K
GC Heap History (10 events):
Event: 383.300 GC heap after
Heap after GC invocations=134 (full 8):
 PSYoungGen      total 2678272K, used 66415K [0x0000000715580000, 0x00000007bf900000, 0x00000007c0000000)
  eden space 2566656K, 0% used [0x0000000715580000,0x0000000715580000,0x00000007b2000000)
  from space 111616K, 59% used [0x00000007b8c00000,0x00000007bccdbe30,0x00000007bf900000)
  to   space 110592K, 0% used [0x00000007b2000000,0x00000007b2000000,0x00000007b8c00000)
 ParOldGen       total 628224K, used 580988K [0x00000005c0000000, 0x00000005e6580000, 0x0000000715580000)
  object space 628224K, 92% used [0x00000005c0000000,0x00000005e375f230,0x00000005e6580000)
 Metaspace       used 4076K, capacity 4774K, committed 4864K, reserved 1056768K
  class space    used 432K, capacity 465K, committed 512K, reserved 1048576K
}
Event: 386.412 GC heap before
{Heap before GC invocations=135 (full 8):
 PSYoungGen      total 2678272K, used 2633071K [0x0000000715580000, 0x00000007bf900000, 0x00000007c0000000)
  eden space 2566656K, 100% used [0x0000000715580000,0x00000007b2000000,0x00000007b2000000)
  from space 111616K, 59% used [0x00000007b8c00000,0x00000007bccdbe30,0x00000007bf900000)
  to   space 110592K, 0% used [0x00000007b2000000,0x00000007b2000000,0x00000007b8c00000)
 ParOldGen       total 628224K, used 580988K [0x00000005c0000000, 0x00000005e6580000, 0x0000000715580000)
  object space 628224K, 92% used [0x00000005c0000000,0x00000005e375f230,0x00000005e6580000)
 Metaspace       used 4076K, capacity 4774K, committed 4864K, reserved 1056768K
  class space    used 432K, capacity 465K, committed 512K, reserved 1048576K
Event: 386.440 GC heap after
Heap after GC invocations=135 (full 8):
 PSYoungGen      total 2677248K, used 36226K [0x0000000715580000, 0x00000007bfc00000, 0x00000007c0000000)
  eden space 2566656K, 0% used [0x0000000715580000,0x0000000715580000,0x00000007b2000000)
  from space 110592K, 32% used [0x00000007b2000000,0x00000007b4360920,0x00000007b8c00000)
  to   space 109056K, 0% used [0x00000007b9180000,0x00000007b9180000,0x00000007bfc00000)
 ParOldGen       total 628224K, used 589932K [0x00000005c0000000, 0x00000005e6580000, 0x0000000715580000)
  object space 628224K, 93% used [0x00000005c0000000,0x00000005e401b2f0,0x00000005e6580000)
 Metaspace       used 4076K, capacity 4774K, committed 4864K, reserved 1056768K
  class space    used 432K, capacity 465K, committed 512K, reserved 1048576K
}
Event: 390.002 GC heap before
{Heap before GC invocations=136 (full 8):
 PSYoungGen      total 2677248K, used 2602882K [0x0000000715580000, 0x00000007bfc00000, 0x00000007c0000000)
  eden space 2566656K, 100% used [0x0000000715580000,0x00000007b2000000,0x00000007b2000000)
  from space 110592K, 32% used [0x00000007b2000000,0x00000007b4360920,0x00000007b8c00000)
  to   space 109056K, 0% used [0x00000007b9180000,0x00000007b9180000,0x00000007bfc00000)
 ParOldGen       total 628224K, used 589932K [0x00000005c0000000, 0x00000005e6580000, 0x0000000715580000)
  object space 628224K, 93% used [0x00000005c0000000,0x00000005e401b2f0,0x00000005e6580000)
 Metaspace       used 4076K, capacity 4774K, committed 4864K, reserved 1056768K
  class space    used 432K, capacity 465K, committed 512K, reserved 1048576K
Event: 391.446 GC heap after
Heap after GC invocations=136 (full 8):
 PSYoungGen      total 2681856K, used 43817K [0x0000000715580000, 0x00000007bf880000, 0x00000007c0000000)
  eden space 2576384K, 0% used [0x0000000715580000,0x0000000715580000,0x00000007b2980000)
  from space 105472K, 41% used [0x00000007b9180000,0x00000007bbc4a7d0,0x00000007bf880000)
  to   space 105984K, 0% used [0x00000007b2980000,0x00000007b2980000,0x00000007b9100000)
 ParOldGen       total 628224K, used 598496K [0x00000005c0000000, 0x00000005e6580000, 0x0000000715580000)
  object space 628224K, 95% used [0x00000005c0000000,0x00000005e4878328,0x00000005e6580000)
 Metaspace       used 4076K, capacity 4774K, committed 4864K, reserved 1056768K
  class space    used 432K, capacity 465K, committed 512K, reserved 1048576K
}
Event: 395.645 GC heap before
{Heap before GC invocations=137 (full 8):
 PSYoungGen      total 2681856K, used 2620201K [0x0000000715580000, 0x00000007bf880000, 0x00000007c0000000)
  eden space 2576384K, 100% used [0x0000000715580000,0x00000007b2980000,0x00000007b2980000)
  from space 105472K, 41% used [0x00000007b9180000,0x00000007bbc4a7d0,0x00000007bf880000)
  to   space 105984K, 0% used [0x00000007b2980000,0x00000007b2980000,0x00000007b9100000)
 ParOldGen       total 628224K, used 598496K [0x00000005c0000000, 0x00000005e6580000, 0x0000000715580000)
  object space 628224K, 95% used [0x00000005c0000000,0x00000005e4878328,0x00000005e6580000)
 Metaspace       used 4076K, capacity 4774K, committed 4864K, reserved 1056768K
  class space    used 432K, capacity 465K, committed 512K, reserved 1048576K
Event: 396.191 GC heap after
Heap after GC invocations=137 (full 8):
 PSYoungGen      total 2682368K, used 53475K [0x0000000715580000, 0x00000007bf780000, 0x00000007c0000000)
  eden space 2576384K, 0% used [0x0000000715580000,0x0000000715580000,0x00000007b2980000)
  from space 105984K, 50% used [0x00000007b2980000,0x00000007b5db8f10,0x00000007b9100000)
  to   space 101376K, 0% used [0x00000007b9480000,0x00000007b9480000,0x00000007bf780000)
 ParOldGen       total 628224K, used 608285K [0x00000005c0000000, 0x00000005e6580000, 0x0000000715580000)
  object space 628224K, 96% used [0x00000005c0000000,0x00000005e52076a0,0x00000005e6580000)
 Metaspace       used 4076K, capacity 4774K, committed 4864K, reserved 1056768K
  class space    used 432K, capacity 465K, committed 512K, reserved 1048576K
}
Event: 400.457 GC heap before
{Heap before GC invocations=138 (full 8):
 PSYoungGen      total 2682368K, used 2629859K [0x0000000715580000, 0x00000007bf780000, 0x00000007c0000000)
  eden space 2576384K, 100% used [0x0000000715580000,0x00000007b2980000,0x00000007b2980000)
  from space 105984K, 50% used [0x00000007b2980000,0x00000007b5db8f10,0x00000007b9100000)
  to   space 101376K, 0% used [0x00000007b9480000,0x00000007b9480000,0x00000007bf780000)
 ParOldGen       total 628224K, used 608285K [0x00000005c0000000, 0x00000005e6580000, 0x0000000715580000)
  object space 628224K, 96% used [0x00000005c0000000,0x00000005e52076a0,0x00000005e6580000)
 Metaspace       used 4076K, capacity 4774K, committed 4864K, reserved 1056768K
  class space    used 432K, capacity 465K, committed 512K, reserved 1048576K
Event: 401.626 GC heap after
Heap after GC invocations=138 (full 8):
 PSYoungGen      total 2685952K, used 52745K [0x0000000715580000, 0x00000007bf380000, 0x00000007c0000000)
  eden space 2588672K, 0% used [0x0000000715580000,0x0000000715580000,0x00000007b3580000)
  from space 97280K, 54% used [0x00000007b9480000,0x00000007bc8026a0,0x00000007bf380000)
  to   space 97280K, 0% used [0x00000007b3580000,0x00000007b3580000,0x00000007b9480000)
 ParOldGen       total 628224K, used 618280K [0x00000005c0000000, 0x00000005e6580000, 0x0000000715580000)
  object space 628224K, 98% used [0x00000005c0000000,0x00000005e5bca2b0,0x00000005e6580000)
 Metaspace       used 4076K, capacity 4774K, committed 4864K, reserved 1056768K
  class space    used 432K, capacity 465K, committed 512K, reserved 1048576K
}
Event: 401.725 GC heap before
{Heap before GC invocations=139 (full 9):
 PSYoungGen      total 2685952K, used 52745K [0x0000000715580000, 0x00000007bf380000, 0x00000007c0000000)
  eden space 2588672K, 0% used [0x0000000715580000,0x0000000715580000,0x00000007b3580000)
  from space 97280K, 54% used [0x00000007b9480000,0x00000007bc8026a0,0x00000007bf380000)
  to   space 97280K, 0% used [0x00000007b3580000,0x00000007b3580000,0x00000007b9480000)
 ParOldGen       total 628224K, used 618280K [0x00000005c0000000, 0x00000005e6580000, 0x0000000715580000)
  object space 628224K, 98% used [0x00000005c0000000,0x00000005e5bca2b0,0x00000005e6580000)
 Metaspace       used 4076K, capacity 4774K, committed 4864K, reserved 1056768K
  class space    used 432K, capacity 465K, committed 512K, reserved 1048576K

